This file contains any messages produced by compilers while
running configure, to aid debugging if configure makes a mistake.

It was created by nbd configure 2.9.16, which was
generated by GNU Autoconf 2.65.  Invocation command line was

  $ ./configure --enable-debug --no-create --no-recursion

## --------- ##
## Platform. ##
## --------- ##

hostname = master.elasticos.cuadvnetfall2016.emulab.net
uname -m = x86_64
uname -r = 2.6.38.8-EOS2018
uname -s = Linux
uname -v = #1 SMP Wed Jan 24 16:49:37 MST 2018

/usr/bin/uname -p = unknown
/bin/uname -X     = unknown

/bin/arch              = unknown
/usr/bin/arch -k       = unknown
/usr/convex/getsysinfo = unknown
/usr/bin/hostinfo      = unknown
/bin/machine           = unknown
/usr/bin/oslevel       = unknown
/bin/universe          = unknown

PATH: /usr/testbed/bin
PATH: /usr/local/sbin
PATH: /usr/local/bin
PATH: /usr/sbin
PATH: /usr/bin
PATH: /sbin
PATH: /bin
PATH: /usr/games


## ----------- ##
## Core tests. ##
## ----------- ##

configure:2426: checking for a BSD-compatible install
configure:2494: result: /usr/bin/install -c
configure:2505: checking whether build environment is sane
configure:2555: result: yes
configure:2696: checking for a thread-safe mkdir -p
configure:2735: result: /bin/mkdir -p
configure:2748: checking for gawk
configure:2778: result: no
configure:2748: checking for mawk
configure:2764: found /usr/bin/mawk
configure:2775: result: mawk
configure:2786: checking whether make sets $(MAKE)
configure:2808: result: yes
configure:2889: checking whether to enable maintainer-specific portions of Makefiles
configure:2898: result: no
configure:2926: checking whether Large File Support should be enabled
configure:2932: result: yes
configure:2956: checking whether syslog logging is requested
configure:2965: result: no
configure:2984: checking whether a debugging version is requested
configure:2987: result: yes
configure:3064: checking for gcc
configure:3080: found /usr/bin/gcc
configure:3091: result: gcc
configure:3320: checking for C compiler version
configure:3329: gcc --version >&5
gcc (Ubuntu/Linaro 4.6.3-1ubuntu5) 4.6.3
Copyright (C) 2011 Free Software Foundation, Inc.
This is free software; see the source for copying conditions.  There is NO
warranty; not even for MERCHANTABILITY or FITNESS FOR A PARTICULAR PURPOSE.

configure:3340: $? = 0
configure:3329: gcc -v >&5
Using built-in specs.
COLLECT_GCC=gcc
COLLECT_LTO_WRAPPER=/usr/lib/gcc/x86_64-linux-gnu/4.6/lto-wrapper
Target: x86_64-linux-gnu
Configured with: ../src/configure -v --with-pkgversion='Ubuntu/Linaro 4.6.3-1ubuntu5' --with-bugurl=file:///usr/share/doc/gcc-4.6/README.Bugs --enable-languages=c,c++,fortran,objc,obj-c++ --prefix=/usr --program-suffix=-4.6 --enable-shared --enable-linker-build-id --with-system-zlib --libexecdir=/usr/lib --without-included-gettext --enable-threads=posix --with-gxx-include-dir=/usr/include/c++/4.6 --libdir=/usr/lib --enable-nls --with-sysroot=/ --enable-clocale=gnu --enable-libstdcxx-debug --enable-libstdcxx-time=yes --enable-gnu-unique-object --enable-plugin --enable-objc-gc --disable-werror --with-arch-32=i686 --with-tune=generic --enable-checking=release --build=x86_64-linux-gnu --host=x86_64-linux-gnu --target=x86_64-linux-gnu
Thread model: posix
gcc version 4.6.3 (Ubuntu/Linaro 4.6.3-1ubuntu5) 
configure:3340: $? = 0
configure:3329: gcc -V >&5
gcc: error: unrecognized option '-V'
gcc: fatal error: no input files
compilation terminated.
configure:3340: $? = 4
configure:3329: gcc -qversion >&5
gcc: error: unrecognized option '-qversion'
gcc: fatal error: no input files
compilation terminated.
configure:3340: $? = 4
configure:3360: checking whether the C compiler works
configure:3382: gcc    conftest.c  >&5
configure:3386: $? = 0
configure:3435: result: yes
configure:3438: checking for C compiler default output file name
configure:3440: result: a.out
configure:3446: checking for suffix of executables
configure:3453: gcc -o conftest    conftest.c  >&5
configure:3457: $? = 0
configure:3479: result: 
configure:3501: checking whether we are cross compiling
configure:3509: gcc -o conftest    conftest.c  >&5
configure:3513: $? = 0
configure:3520: ./conftest
configure:3524: $? = 0
configure:3539: result: no
configure:3544: checking for suffix of object files
configure:3566: gcc -c   conftest.c >&5
configure:3570: $? = 0
configure:3591: result: o
configure:3595: checking whether we are using the GNU C compiler
configure:3614: gcc -c   conftest.c >&5
configure:3614: $? = 0
configure:3623: result: yes
configure:3632: checking whether gcc accepts -g
configure:3652: gcc -c -g  conftest.c >&5
configure:3652: $? = 0
configure:3693: result: yes
configure:3710: checking for gcc option to accept ISO C89
configure:3774: gcc  -c -g -O2  conftest.c >&5
configure:3774: $? = 0
configure:3787: result: none needed
configure:3818: checking for style of include used by make
configure:3846: result: GNU
configure:3871: checking dependency style of gcc
configure:3981: result: gcc3
configure:4001: checking how to run the C preprocessor
configure:4032: gcc -E  conftest.c
configure:4032: $? = 0
configure:4046: gcc -E  conftest.c
conftest.c:14:28: fatal error: ac_nonexistent.h: No such file or directory
compilation terminated.
configure:4046: $? = 1
configure: failed program was:
| /* confdefs.h */
| #define PACKAGE_NAME "nbd"
| #define PACKAGE_TARNAME "nbd"
| #define PACKAGE_VERSION "2.9.16"
| #define PACKAGE_STRING "nbd 2.9.16"
| #define PACKAGE_BUGREPORT "wouter@debian.org"
| #define PACKAGE_URL ""
| #define PACKAGE "nbd"
| #define VERSION "2.9.16"
| #define NBD_LFS 1
| #define DODBG 1
| #define NOFORK 1
| /* end confdefs.h.  */
| #include <ac_nonexistent.h>
configure:4071: result: gcc -E
configure:4091: gcc -E  conftest.c
configure:4091: $? = 0
configure:4105: gcc -E  conftest.c
conftest.c:14:28: fatal error: ac_nonexistent.h: No such file or directory
compilation terminated.
configure:4105: $? = 1
configure: failed program was:
| /* confdefs.h */
| #define PACKAGE_NAME "nbd"
| #define PACKAGE_TARNAME "nbd"
| #define PACKAGE_VERSION "2.9.16"
| #define PACKAGE_STRING "nbd 2.9.16"
| #define PACKAGE_BUGREPORT "wouter@debian.org"
| #define PACKAGE_URL ""
| #define PACKAGE "nbd"
| #define VERSION "2.9.16"
| #define NBD_LFS 1
| #define DODBG 1
| #define NOFORK 1
| /* end confdefs.h.  */
| #include <ac_nonexistent.h>
configure:4138: checking build system type
configure:4152: result: x86_64-unknown-linux-gnu
configure:4172: checking host system type
configure:4185: result: x86_64-unknown-linux-gnu
configure:4207: checking for grep that handles long lines and -e
configure:4265: result: /bin/grep
configure:4270: checking for egrep
configure:4332: result: /bin/grep -E
configure:4337: checking for ANSI C header files
configure:4357: gcc -c -g -O2  conftest.c >&5
configure:4357: $? = 0
configure:4430: gcc -o conftest -g -O2   conftest.c  >&5
configure:4430: $? = 0
configure:4430: ./conftest
configure:4430: $? = 0
configure:4441: result: yes
configure:4454: checking for sys/types.h
configure:4454: gcc -c -g -O2  conftest.c >&5
configure:4454: $? = 0
configure:4454: result: yes
configure:4454: checking for sys/stat.h
configure:4454: gcc -c -g -O2  conftest.c >&5
configure:4454: $? = 0
configure:4454: result: yes
configure:4454: checking for stdlib.h
configure:4454: gcc -c -g -O2  conftest.c >&5
configure:4454: $? = 0
configure:4454: result: yes
configure:4454: checking for string.h
configure:4454: gcc -c -g -O2  conftest.c >&5
configure:4454: $? = 0
configure:4454: result: yes
configure:4454: checking for memory.h
configure:4454: gcc -c -g -O2  conftest.c >&5
configure:4454: $? = 0
configure:4454: result: yes
configure:4454: checking for strings.h
configure:4454: gcc -c -g -O2  conftest.c >&5
configure:4454: $? = 0
configure:4454: result: yes
configure:4454: checking for inttypes.h
configure:4454: gcc -c -g -O2  conftest.c >&5
configure:4454: $? = 0
configure:4454: result: yes
configure:4454: checking for stdint.h
configure:4454: gcc -c -g -O2  conftest.c >&5
configure:4454: $? = 0
configure:4454: result: yes
configure:4454: checking for unistd.h
configure:4454: gcc -c -g -O2  conftest.c >&5
configure:4454: $? = 0
configure:4454: result: yes
configure:4467: checking whether byte ordering is bigendian
configure:4482: gcc -c -g -O2  conftest.c >&5
conftest.c:25:9: error: unknown type name 'not'
conftest.c:25:15: error: expected '=', ',', ';', 'asm' or '__attribute__' before 'universal'
conftest.c:25:15: error: unknown type name 'universal'
configure:4482: $? = 1
configure: failed program was:
| /* confdefs.h */
| #define PACKAGE_NAME "nbd"
| #define PACKAGE_TARNAME "nbd"
| #define PACKAGE_VERSION "2.9.16"
| #define PACKAGE_STRING "nbd 2.9.16"
| #define PACKAGE_BUGREPORT "wouter@debian.org"
| #define PACKAGE_URL ""
| #define PACKAGE "nbd"
| #define VERSION "2.9.16"
| #define NBD_LFS 1
| #define DODBG 1
| #define NOFORK 1
| #define STDC_HEADERS 1
| #define HAVE_SYS_TYPES_H 1
| #define HAVE_SYS_STAT_H 1
| #define HAVE_STDLIB_H 1
| #define HAVE_STRING_H 1
| #define HAVE_MEMORY_H 1
| #define HAVE_STRINGS_H 1
| #define HAVE_INTTYPES_H 1
| #define HAVE_STDINT_H 1
| #define HAVE_UNISTD_H 1
| /* end confdefs.h.  */
| #ifndef __APPLE_CC__
| 	       not a universal capable compiler
| 	     #endif
| 	     typedef int dummy;
| 
configure:4527: gcc -c -g -O2  conftest.c >&5
configure:4527: $? = 0
configure:4545: gcc -c -g -O2  conftest.c >&5
conftest.c: In function 'main':
conftest.c:31:4: error: unknown type name 'not'
conftest.c:31:12: error: expected '=', ',', ';', 'asm' or '__attribute__' before 'endian'
configure:4545: $? = 1
configure: failed program was:
| /* confdefs.h */
| #define PACKAGE_NAME "nbd"
| #define PACKAGE_TARNAME "nbd"
| #define PACKAGE_VERSION "2.9.16"
| #define PACKAGE_STRING "nbd 2.9.16"
| #define PACKAGE_BUGREPORT "wouter@debian.org"
| #define PACKAGE_URL ""
| #define PACKAGE "nbd"
| #define VERSION "2.9.16"
| #define NBD_LFS 1
| #define DODBG 1
| #define NOFORK 1
| #define STDC_HEADERS 1
| #define HAVE_SYS_TYPES_H 1
| #define HAVE_SYS_STAT_H 1
| #define HAVE_STDLIB_H 1
| #define HAVE_STRING_H 1
| #define HAVE_MEMORY_H 1
| #define HAVE_STRINGS_H 1
| #define HAVE_INTTYPES_H 1
| #define HAVE_STDINT_H 1
| #define HAVE_UNISTD_H 1
| /* end confdefs.h.  */
| #include <sys/types.h>
| 		#include <sys/param.h>
| 
| int
| main ()
| {
| #if BYTE_ORDER != BIG_ENDIAN
| 		 not big endian
| 		#endif
| 
|   ;
|   return 0;
| }
configure:4673: result: no
configure:4691: checking for inline
configure:4707: gcc -c -g -O2  conftest.c >&5
configure:4707: $? = 0
configure:4715: result: inline
configure:4733: checking for an ANSI C-conforming const
configure:4798: gcc -c -g -O2  conftest.c >&5
configure:4798: $? = 0
configure:4805: result: yes
configure:4817: checking size of unsigned short int
configure:4822: gcc -o conftest -g -O2   conftest.c  >&5
configure:4822: $? = 0
configure:4822: ./conftest
configure:4822: $? = 0
configure:4837: result: 2
configure:4851: checking size of unsigned int
configure:4856: gcc -o conftest -g -O2   conftest.c  >&5
configure:4856: $? = 0
configure:4856: ./conftest
configure:4856: $? = 0
configure:4871: result: 4
configure:4885: checking size of unsigned long int
configure:4890: gcc -o conftest -g -O2   conftest.c  >&5
configure:4890: $? = 0
configure:4890: ./conftest
configure:4890: $? = 0
configure:4905: result: 8
configure:4919: checking size of unsigned long long int
configure:4924: gcc -o conftest -g -O2   conftest.c  >&5
configure:4924: $? = 0
configure:4924: ./conftest
configure:4924: $? = 0
configure:4939: result: 8
configure:4952: checking for llseek
configure:4952: gcc -o conftest -g -O2   conftest.c  >&5
configure:4952: $? = 0
configure:4952: result: yes
configure:4952: checking for alarm
configure:4952: gcc -o conftest -g -O2   conftest.c  >&5
configure:4952: $? = 0
configure:4952: result: yes
configure:4952: checking for gethostbyname
configure:4952: gcc -o conftest -g -O2   conftest.c  >&5
configure:4952: $? = 0
configure:4952: result: yes
configure:4952: checking for inet_ntoa
configure:4952: gcc -o conftest -g -O2   conftest.c  >&5
configure:4952: $? = 0
configure:4952: result: yes
configure:4952: checking for memset
configure:4952: gcc -o conftest -g -O2   conftest.c  >&5
conftest.c:55:6: warning: conflicting types for built-in function 'memset' [enabled by default]
configure:4952: $? = 0
configure:4952: result: yes
configure:4952: checking for socket
configure:4952: gcc -o conftest -g -O2   conftest.c  >&5
configure:4952: $? = 0
configure:4952: result: yes
configure:4952: checking for strerror
configure:4952: gcc -o conftest -g -O2   conftest.c  >&5
configure:4952: $? = 0
configure:4952: result: yes
configure:4952: checking for strstr
configure:4952: gcc -o conftest -g -O2   conftest.c  >&5
conftest.c:58:6: warning: conflicting types for built-in function 'strstr' [enabled by default]
configure:4952: $? = 0
configure:4952: result: yes
configure:4962: checking for pid_t
configure:4962: gcc -c -g -O2  conftest.c >&5
configure:4962: $? = 0
configure:4962: gcc -c -g -O2  conftest.c >&5
conftest.c: In function 'main':
conftest.c:72:20: error: expected expression before ')' token
configure:4962: $? = 1
configure: failed program was:
| /* confdefs.h */
| #define PACKAGE_NAME "nbd"
| #define PACKAGE_TARNAME "nbd"
| #define PACKAGE_VERSION "2.9.16"
| #define PACKAGE_STRING "nbd 2.9.16"
| #define PACKAGE_BUGREPORT "wouter@debian.org"
| #define PACKAGE_URL ""
| #define PACKAGE "nbd"
| #define VERSION "2.9.16"
| #define NBD_LFS 1
| #define DODBG 1
| #define NOFORK 1
| #define STDC_HEADERS 1
| #define HAVE_SYS_TYPES_H 1
| #define HAVE_SYS_STAT_H 1
| #define HAVE_STDLIB_H 1
| #define HAVE_STRING_H 1
| #define HAVE_MEMORY_H 1
| #define HAVE_STRINGS_H 1
| #define HAVE_INTTYPES_H 1
| #define HAVE_STDINT_H 1
| #define HAVE_UNISTD_H 1
| #define SIZEOF_UNSIGNED_SHORT_INT 2
| #define SIZEOF_UNSIGNED_INT 4
| #define SIZEOF_UNSIGNED_LONG_INT 8
| #define SIZEOF_UNSIGNED_LONG_LONG_INT 8
| #define HAVE_LLSEEK 1
| #define HAVE_ALARM 1
| #define HAVE_GETHOSTBYNAME 1
| #define HAVE_INET_NTOA 1
| #define HAVE_MEMSET 1
| #define HAVE_SOCKET 1
| #define HAVE_STRERROR 1
| #define HAVE_STRSTR 1
| /* end confdefs.h.  */
| #include <stdio.h>
| #ifdef HAVE_SYS_TYPES_H
| # include <sys/types.h>
| #endif
| #ifdef HAVE_SYS_STAT_H
| # include <sys/stat.h>
| #endif
| #ifdef STDC_HEADERS
| # include <stdlib.h>
| # include <stddef.h>
| #else
| # ifdef HAVE_STDLIB_H
| #  include <stdlib.h>
| # endif
| #endif
| #ifdef HAVE_STRING_H
| # if !defined STDC_HEADERS && defined HAVE_MEMORY_H
| #  include <memory.h>
| # endif
| # include <string.h>
| #endif
| #ifdef HAVE_STRINGS_H
| # include <strings.h>
| #endif
| #ifdef HAVE_INTTYPES_H
| # include <inttypes.h>
| #endif
| #ifdef HAVE_STDINT_H
| # include <stdint.h>
| #endif
| #ifdef HAVE_UNISTD_H
| # include <unistd.h>
| #endif
| int
| main ()
| {
| if (sizeof ((pid_t)))
| 	    return 0;
|   ;
|   return 0;
| }
configure:4962: result: yes
configure:4975: checking vfork.h usability
configure:4975: gcc -c -g -O2  conftest.c >&5
conftest.c:69:19: fatal error: vfork.h: No such file or directory
compilation terminated.
configure:4975: $? = 1
configure: failed program was:
| /* confdefs.h */
| #define PACKAGE_NAME "nbd"
| #define PACKAGE_TARNAME "nbd"
| #define PACKAGE_VERSION "2.9.16"
| #define PACKAGE_STRING "nbd 2.9.16"
| #define PACKAGE_BUGREPORT "wouter@debian.org"
| #define PACKAGE_URL ""
| #define PACKAGE "nbd"
| #define VERSION "2.9.16"
| #define NBD_LFS 1
| #define DODBG 1
| #define NOFORK 1
| #define STDC_HEADERS 1
| #define HAVE_SYS_TYPES_H 1
| #define HAVE_SYS_STAT_H 1
| #define HAVE_STDLIB_H 1
| #define HAVE_STRING_H 1
| #define HAVE_MEMORY_H 1
| #define HAVE_STRINGS_H 1
| #define HAVE_INTTYPES_H 1
| #define HAVE_STDINT_H 1
| #define HAVE_UNISTD_H 1
| #define SIZEOF_UNSIGNED_SHORT_INT 2
| #define SIZEOF_UNSIGNED_INT 4
| #define SIZEOF_UNSIGNED_LONG_INT 8
| #define SIZEOF_UNSIGNED_LONG_LONG_INT 8
| #define HAVE_LLSEEK 1
| #define HAVE_ALARM 1
| #define HAVE_GETHOSTBYNAME 1
| #define HAVE_INET_NTOA 1
| #define HAVE_MEMSET 1
| #define HAVE_SOCKET 1
| #define HAVE_STRERROR 1
| #define HAVE_STRSTR 1
| /* end confdefs.h.  */
| #include <stdio.h>
| #ifdef HAVE_SYS_TYPES_H
| # include <sys/types.h>
| #endif
| #ifdef HAVE_SYS_STAT_H
| # include <sys/stat.h>
| #endif
| #ifdef STDC_HEADERS
| # include <stdlib.h>
| # include <stddef.h>
| #else
| # ifdef HAVE_STDLIB_H
| #  include <stdlib.h>
| # endif
| #endif
| #ifdef HAVE_STRING_H
| # if !defined STDC_HEADERS && defined HAVE_MEMORY_H
| #  include <memory.h>
| # endif
| # include <string.h>
| #endif
| #ifdef HAVE_STRINGS_H
| # include <strings.h>
| #endif
| #ifdef HAVE_INTTYPES_H
| # include <inttypes.h>
| #endif
| #ifdef HAVE_STDINT_H
| # include <stdint.h>
| #endif
| #ifdef HAVE_UNISTD_H
| # include <unistd.h>
| #endif
| #include <vfork.h>
configure:4975: result: no
configure:4975: checking vfork.h presence
configure:4975: gcc -E  conftest.c
conftest.c:36:19: fatal error: vfork.h: No such file or directory
compilation terminated.
configure:4975: $? = 1
configure: failed program was:
| /* confdefs.h */
| #define PACKAGE_NAME "nbd"
| #define PACKAGE_TARNAME "nbd"
| #define PACKAGE_VERSION "2.9.16"
| #define PACKAGE_STRING "nbd 2.9.16"
| #define PACKAGE_BUGREPORT "wouter@debian.org"
| #define PACKAGE_URL ""
| #define PACKAGE "nbd"
| #define VERSION "2.9.16"
| #define NBD_LFS 1
| #define DODBG 1
| #define NOFORK 1
| #define STDC_HEADERS 1
| #define HAVE_SYS_TYPES_H 1
| #define HAVE_SYS_STAT_H 1
| #define HAVE_STDLIB_H 1
| #define HAVE_STRING_H 1
| #define HAVE_MEMORY_H 1
| #define HAVE_STRINGS_H 1
| #define HAVE_INTTYPES_H 1
| #define HAVE_STDINT_H 1
| #define HAVE_UNISTD_H 1
| #define SIZEOF_UNSIGNED_SHORT_INT 2
| #define SIZEOF_UNSIGNED_INT 4
| #define SIZEOF_UNSIGNED_LONG_INT 8
| #define SIZEOF_UNSIGNED_LONG_LONG_INT 8
| #define HAVE_LLSEEK 1
| #define HAVE_ALARM 1
| #define HAVE_GETHOSTBYNAME 1
| #define HAVE_INET_NTOA 1
| #define HAVE_MEMSET 1
| #define HAVE_SOCKET 1
| #define HAVE_STRERROR 1
| #define HAVE_STRSTR 1
| /* end confdefs.h.  */
| #include <vfork.h>
configure:4975: result: no
configure:4975: checking for vfork.h
configure:4975: result: no
configure:4988: checking for fork
configure:4988: gcc -o conftest -g -O2   conftest.c  >&5
conftest.c:59:6: warning: conflicting types for built-in function 'fork' [enabled by default]
configure:4988: $? = 0
configure:4988: result: yes
configure:4988: checking for vfork
configure:4988: gcc -o conftest -g -O2   conftest.c  >&5
configure:4988: $? = 0
configure:4988: result: yes
configure:4999: checking for working fork
configure:5021: gcc -o conftest -g -O2   conftest.c  >&5
configure:5021: $? = 0
configure:5021: ./conftest
configure:5021: $? = 0
configure:5031: result: yes
configure:5052: checking for working vfork
configure:5162: result: yes
configure:5194: checking whether client should be built
configure:5198: result: yes
configure:5204: checking for library containing bind
configure:5235: gcc -o conftest -g -O2   conftest.c  >&5
configure:5235: $? = 0
configure:5252: result: none required
configure:5262: checking for library containing inet_ntoa
configure:5293: gcc -o conftest -g -O2   conftest.c  >&5
configure:5293: $? = 0
configure:5310: result: none required
configure:5320: checking for library containing daemon
configure:5351: gcc -o conftest -g -O2   conftest.c  >&5
configure:5351: $? = 0
configure:5368: result: none required
configure:5380: checking for sys/mount.h
configure:5380: gcc -c -g -O2  conftest.c >&5
configure:5380: $? = 0
configure:5380: result: yes
configure:5395: checking arpa/inet.h usability
configure:5395: gcc -c -g -O2  conftest.c >&5
configure:5395: $? = 0
configure:5395: result: yes
configure:5395: checking arpa/inet.h presence
configure:5395: gcc -E  conftest.c
configure:5395: $? = 0
configure:5395: result: yes
configure:5395: checking for arpa/inet.h
configure:5395: result: yes
configure:5395: checking fcntl.h usability
configure:5395: gcc -c -g -O2  conftest.c >&5
configure:5395: $? = 0
configure:5395: result: yes
configure:5395: checking fcntl.h presence
configure:5395: gcc -E  conftest.c
configure:5395: $? = 0
configure:5395: result: yes
configure:5395: checking for fcntl.h
configure:5395: result: yes
configure:5395: checking netdb.h usability
configure:5395: gcc -c -g -O2  conftest.c >&5
configure:5395: $? = 0
configure:5395: result: yes
configure:5395: checking netdb.h presence
configure:5395: gcc -E  conftest.c
configure:5395: $? = 0
configure:5395: result: yes
configure:5395: checking for netdb.h
configure:5395: result: yes
configure:5395: checking netinet/in.h usability
configure:5395: gcc -c -g -O2  conftest.c >&5
configure:5395: $? = 0
configure:5395: result: yes
configure:5395: checking netinet/in.h presence
configure:5395: gcc -E  conftest.c
configure:5395: $? = 0
configure:5395: result: yes
configure:5395: checking for netinet/in.h
configure:5395: result: yes
configure:5395: checking sys/ioctl.h usability
configure:5395: gcc -c -g -O2  conftest.c >&5
configure:5395: $? = 0
configure:5395: result: yes
configure:5395: checking sys/ioctl.h presence
configure:5395: gcc -E  conftest.c
configure:5395: $? = 0
configure:5395: result: yes
configure:5395: checking for sys/ioctl.h
configure:5395: result: yes
configure:5395: checking sys/socket.h usability
configure:5395: gcc -c -g -O2  conftest.c >&5
configure:5395: $? = 0
configure:5395: result: yes
configure:5395: checking sys/socket.h presence
configure:5395: gcc -E  conftest.c
configure:5395: $? = 0
configure:5395: result: yes
configure:5395: checking for sys/socket.h
configure:5395: result: yes
configure:5395: checking syslog.h usability
configure:5395: gcc -c -g -O2  conftest.c >&5
configure:5395: $? = 0
configure:5395: result: yes
configure:5395: checking syslog.h presence
configure:5395: gcc -E  conftest.c
configure:5395: $? = 0
configure:5395: result: yes
configure:5395: checking for syslog.h
configure:5395: result: yes
configure:5395: checking linux/types.h usability
configure:5395: gcc -c -g -O2  conftest.c >&5
configure:5395: $? = 0
configure:5395: result: yes
configure:5395: checking linux/types.h presence
configure:5395: gcc -E  conftest.c
configure:5395: $? = 0
configure:5395: result: yes
configure:5395: checking for linux/types.h
configure:5395: result: yes
configure:5489: checking for pkg-config
configure:5507: found /usr/bin/pkg-config
configure:5519: result: /usr/bin/pkg-config
configure:5544: checking pkg-config is at least version 0.16
configure:5547: result: yes
configure:5564: checking for GLIB - version >= 2.6.0
configure:5678: gcc -o conftest -g -O2 -I/usr/include/glib-2.0 -I/usr/lib/x86_64-linux-gnu/glib-2.0/include     conftest.c -lglib-2.0    >&5
configure:5678: $? = 0
configure:5678: ./conftest
configure:5678: $? = 0
configure:5692: result: yes (version 2.32.4)
configure:5758: checking for sys/wait.h that is POSIX.1 compatible
configure:5784: gcc -c -g -O2  conftest.c >&5
configure:5784: $? = 0
configure:5791: result: yes
configure:5799: checking for off_t
configure:5799: gcc -c -g -O2  conftest.c >&5
configure:5799: $? = 0
configure:5799: gcc -c -g -O2  conftest.c >&5
conftest.c: In function 'main':
conftest.c:86:20: error: expected expression before ')' token
configure:5799: $? = 1
configure: failed program was:
| /* confdefs.h */
| #define PACKAGE_NAME "nbd"
| #define PACKAGE_TARNAME "nbd"
| #define PACKAGE_VERSION "2.9.16"
| #define PACKAGE_STRING "nbd 2.9.16"
| #define PACKAGE_BUGREPORT "wouter@debian.org"
| #define PACKAGE_URL ""
| #define PACKAGE "nbd"
| #define VERSION "2.9.16"
| #define NBD_LFS 1
| #define DODBG 1
| #define NOFORK 1
| #define STDC_HEADERS 1
| #define HAVE_SYS_TYPES_H 1
| #define HAVE_SYS_STAT_H 1
| #define HAVE_STDLIB_H 1
| #define HAVE_STRING_H 1
| #define HAVE_MEMORY_H 1
| #define HAVE_STRINGS_H 1
| #define HAVE_INTTYPES_H 1
| #define HAVE_STDINT_H 1
| #define HAVE_UNISTD_H 1
| #define SIZEOF_UNSIGNED_SHORT_INT 2
| #define SIZEOF_UNSIGNED_INT 4
| #define SIZEOF_UNSIGNED_LONG_INT 8
| #define SIZEOF_UNSIGNED_LONG_LONG_INT 8
| #define HAVE_LLSEEK 1
| #define HAVE_ALARM 1
| #define HAVE_GETHOSTBYNAME 1
| #define HAVE_INET_NTOA 1
| #define HAVE_MEMSET 1
| #define HAVE_SOCKET 1
| #define HAVE_STRERROR 1
| #define HAVE_STRSTR 1
| #define HAVE_FORK 1
| #define HAVE_VFORK 1
| #define HAVE_WORKING_VFORK 1
| #define HAVE_WORKING_FORK 1
| #define HAVE_SYS_MOUNT_H 1
| #define HAVE_ARPA_INET_H 1
| #define HAVE_FCNTL_H 1
| #define HAVE_NETDB_H 1
| #define HAVE_NETINET_IN_H 1
| #define HAVE_SYS_IOCTL_H 1
| #define HAVE_SYS_SOCKET_H 1
| #define HAVE_SYSLOG_H 1
| #define HAVE_LINUX_TYPES_H 1
| #define HAVE_SYS_WAIT_H 1
| /* end confdefs.h.  */
| #include <stdio.h>
| #ifdef HAVE_SYS_TYPES_H
| # include <sys/types.h>
| #endif
| #ifdef HAVE_SYS_STAT_H
| # include <sys/stat.h>
| #endif
| #ifdef STDC_HEADERS
| # include <stdlib.h>
| # include <stddef.h>
| #else
| # ifdef HAVE_STDLIB_H
| #  include <stdlib.h>
| # endif
| #endif
| #ifdef HAVE_STRING_H
| # if !defined STDC_HEADERS && defined HAVE_MEMORY_H
| #  include <memory.h>
| # endif
| # include <string.h>
| #endif
| #ifdef HAVE_STRINGS_H
| # include <strings.h>
| #endif
| #ifdef HAVE_INTTYPES_H
| # include <inttypes.h>
| #endif
| #ifdef HAVE_STDINT_H
| # include <stdint.h>
| #endif
| #ifdef HAVE_UNISTD_H
| # include <unistd.h>
| #endif
| int
| main ()
| {
| if (sizeof ((off_t)))
| 	    return 0;
|   ;
|   return 0;
| }
configure:5799: result: yes
configure:5810: checking for pid_t
configure:5810: result: yes
configure:5951: creating ./config.status

## ---------------- ##
## Cache variables. ##
## ---------------- ##

ac_cv_build=x86_64-unknown-linux-gnu
ac_cv_c_bigendian=no
ac_cv_c_compiler_gnu=yes
ac_cv_c_const=yes
ac_cv_c_inline=inline
ac_cv_env_CC_set=
ac_cv_env_CC_value=
ac_cv_env_CFLAGS_set=
ac_cv_env_CFLAGS_value=
ac_cv_env_CPPFLAGS_set=
ac_cv_env_CPPFLAGS_value=
ac_cv_env_CPP_set=
ac_cv_env_CPP_value=
ac_cv_env_LDFLAGS_set=
ac_cv_env_LDFLAGS_value=
ac_cv_env_LIBS_set=
ac_cv_env_LIBS_value=
ac_cv_env_PKG_CONFIG_LIBDIR_set=
ac_cv_env_PKG_CONFIG_LIBDIR_value=
ac_cv_env_PKG_CONFIG_PATH_set=
ac_cv_env_PKG_CONFIG_PATH_value=
ac_cv_env_PKG_CONFIG_set=
ac_cv_env_PKG_CONFIG_value=
ac_cv_env_build_alias_set=
ac_cv_env_build_alias_value=
ac_cv_env_host_alias_set=
ac_cv_env_host_alias_value=
ac_cv_env_target_alias_set=
ac_cv_env_target_alias_value=
ac_cv_func_alarm=yes
ac_cv_func_fork=yes
ac_cv_func_fork_works=yes
ac_cv_func_gethostbyname=yes
ac_cv_func_inet_ntoa=yes
ac_cv_func_llseek=yes
ac_cv_func_memset=yes
ac_cv_func_setvbuf_reversed=no
ac_cv_func_socket=yes
ac_cv_func_strerror=yes
ac_cv_func_strstr=yes
ac_cv_func_vfork=yes
ac_cv_func_vfork_works=yes
ac_cv_header_arpa_inet_h=yes
ac_cv_header_fcntl_h=yes
ac_cv_header_inttypes_h=yes
ac_cv_header_linux_types_h=yes
ac_cv_header_memory_h=yes
ac_cv_header_netdb_h=yes
ac_cv_header_netinet_in_h=yes
ac_cv_header_stdc=yes
ac_cv_header_stdint_h=yes
ac_cv_header_stdlib_h=yes
ac_cv_header_string_h=yes
ac_cv_header_strings_h=yes
ac_cv_header_sys_ioctl_h=yes
ac_cv_header_sys_mount_h=yes
ac_cv_header_sys_socket_h=yes
ac_cv_header_sys_stat_h=yes
ac_cv_header_sys_types_h=yes
ac_cv_header_sys_wait_h=yes
ac_cv_header_syslog_h=yes
ac_cv_header_unistd_h=yes
ac_cv_header_vfork_h=no
ac_cv_host=x86_64-unknown-linux-gnu
ac_cv_objext=o
ac_cv_path_EGREP='/bin/grep -E'
ac_cv_path_GREP=/bin/grep
ac_cv_path_ac_pt_PKG_CONFIG=/usr/bin/pkg-config
ac_cv_path_install='/usr/bin/install -c'
ac_cv_path_mkdir=/bin/mkdir
ac_cv_prog_AWK=mawk
ac_cv_prog_CPP='gcc -E'
ac_cv_prog_ac_ct_CC=gcc
ac_cv_prog_cc_c89=
ac_cv_prog_cc_g=yes
ac_cv_prog_make_make_set=yes
ac_cv_search_bind='none required'
ac_cv_search_daemon='none required'
ac_cv_search_inet_ntoa='none required'
ac_cv_sizeof_unsigned_int=4
ac_cv_sizeof_unsigned_long_int=8
ac_cv_sizeof_unsigned_long_long_int=8
ac_cv_sizeof_unsigned_short_int=2
ac_cv_type_off_t=yes
ac_cv_type_pid_t=yes
am_cv_CC_dependencies_compiler_type=gcc3

## ----------------- ##
## Output variables. ##
## ----------------- ##

ACLOCAL='${SHELL} /proj/CUAdvNetFall2016/elasticos/elasticos-2.6/misc/nbd-2.9.16/missing --run aclocal-1.11'
AMDEPBACKSLASH='\'
AMDEP_FALSE='#'
AMDEP_TRUE=''
AMTAR='${SHELL} /proj/CUAdvNetFall2016/elasticos/elasticos-2.6/misc/nbd-2.9.16/missing --run tar'
AUTOCONF='${SHELL} /proj/CUAdvNetFall2016/elasticos/elasticos-2.6/misc/nbd-2.9.16/missing --run autoconf'
AUTOHEADER='${SHELL} /proj/CUAdvNetFall2016/elasticos/elasticos-2.6/misc/nbd-2.9.16/missing --run autoheader'
AUTOMAKE='${SHELL} /proj/CUAdvNetFall2016/elasticos/elasticos-2.6/misc/nbd-2.9.16/missing --run automake-1.11'
AWK='mawk'
CC='gcc'
CCDEPMODE='depmode=gcc3'
CFLAGS='-g -O2'
CPP='gcc -E'
CPPFLAGS=''
CYGPATH_W='echo'
DEFS='-DHAVE_CONFIG_H'
DEPDIR='.deps'
ECHO_C=''
ECHO_N='-n'
ECHO_T=''
EGREP='/bin/grep -E'
EXEEXT=''
GLIB_CFLAGS='-I/usr/include/glib-2.0 -I/usr/lib/x86_64-linux-gnu/glib-2.0/include  '
GLIB_GENMARSHAL='glib-genmarshal'
GLIB_LIBS='-lglib-2.0  '
GLIB_MKENUMS='glib-mkenums'
GOBJECT_QUERY='gobject-query'
GREP='/bin/grep'
INSTALL_DATA='${INSTALL} -m 644'
INSTALL_PROGRAM='${INSTALL}'
INSTALL_SCRIPT='${INSTALL}'
INSTALL_STRIP_PROGRAM='$(install_sh) -c -s'
LDFLAGS=''
LIBOBJS=''
LIBS=''
LTLIBOBJS=''
MAINT='#'
MAINTAINER_MODE_FALSE=''
MAINTAINER_MODE_TRUE='#'
MAKEINFO='${SHELL} /proj/CUAdvNetFall2016/elasticos/elasticos-2.6/misc/nbd-2.9.16/missing --run makeinfo'
MKDIR_P='/bin/mkdir -p'
OBJEXT='o'
PACKAGE='nbd'
PACKAGE_BUGREPORT='wouter@debian.org'
PACKAGE_NAME='nbd'
PACKAGE_STRING='nbd 2.9.16'
PACKAGE_TARNAME='nbd'
PACKAGE_URL=''
PACKAGE_VERSION='2.9.16'
PATH_SEPARATOR=':'
PKG_CONFIG='/usr/bin/pkg-config'
PKG_CONFIG_LIBDIR=''
PKG_CONFIG_PATH=''
SET_MAKE=''
SHELL='/bin/bash'
STRIP=''
VERSION='2.9.16'
ac_ct_CC='gcc'
am__EXEEXT_FALSE=''
am__EXEEXT_TRUE='#'
am__fastdepCC_FALSE='#'
am__fastdepCC_TRUE=''
am__include='include'
am__isrc=''
am__leading_dot='.'
am__quote=''
am__tar='${AMTAR} chof - "$$tardir"'
am__untar='${AMTAR} xf -'
bindir='${exec_prefix}/bin'
build='x86_64-unknown-linux-gnu'
build_alias=''
build_cpu='x86_64'
build_os='linux-gnu'
build_vendor='unknown'
datadir='${datarootdir}'
datarootdir='${prefix}/share'
docdir='${datarootdir}/doc/${PACKAGE_TARNAME}'
dvidir='${docdir}'
exec_prefix='${prefix}'
host='x86_64-unknown-linux-gnu'
host_alias=''
host_cpu='x86_64'
host_os='linux-gnu'
host_vendor='unknown'
htmldir='${docdir}'
includedir='${prefix}/include'
infodir='${datarootdir}/info'
install_sh='${SHELL} /proj/CUAdvNetFall2016/elasticos/elasticos-2.6/misc/nbd-2.9.16/install-sh'
libdir='${exec_prefix}/lib'
libexecdir='${exec_prefix}/libexec'
localedir='${datarootdir}/locale'
localstatedir='${prefix}/var'
mandir='${datarootdir}/man'
mkdir_p='/bin/mkdir -p'
nbd_server_CPPFLAGS=' -DSYSCONFDIR='\''"${prefix}/etc"'\'''
oldincludedir='/usr/include'
pdfdir='${docdir}'
prefix='/usr/local'
program_transform_name='s,x,x,'
psdir='${docdir}'
sbin_PROGRAMS=' nbd-client'
sbindir='${exec_prefix}/sbin'
sharedstatedir='${prefix}/com'
sysconfdir='${prefix}/etc'
target_alias=''

## ----------- ##
## confdefs.h. ##
## ----------- ##

/* confdefs.h */
#define PACKAGE_NAME "nbd"
#define PACKAGE_TARNAME "nbd"
#define PACKAGE_VERSION "2.9.16"
#define PACKAGE_STRING "nbd 2.9.16"
#define PACKAGE_BUGREPORT "wouter@debian.org"
#define PACKAGE_URL ""
#define PACKAGE "nbd"
#define VERSION "2.9.16"
#define NBD_LFS 1
#define DODBG 1
#define NOFORK 1
#define STDC_HEADERS 1
#define HAVE_SYS_TYPES_H 1
#define HAVE_SYS_STAT_H 1
#define HAVE_STDLIB_H 1
#define HAVE_STRING_H 1
#define HAVE_MEMORY_H 1
#define HAVE_STRINGS_H 1
#define HAVE_INTTYPES_H 1
#define HAVE_STDINT_H 1
#define HAVE_UNISTD_H 1
#define SIZEOF_UNSIGNED_SHORT_INT 2
#define SIZEOF_UNSIGNED_INT 4
#define SIZEOF_UNSIGNED_LONG_INT 8
#define SIZEOF_UNSIGNED_LONG_LONG_INT 8
#define HAVE_LLSEEK 1
#define HAVE_ALARM 1
#define HAVE_GETHOSTBYNAME 1
#define HAVE_INET_NTOA 1
#define HAVE_MEMSET 1
#define HAVE_SOCKET 1
#define HAVE_STRERROR 1
#define HAVE_STRSTR 1
#define HAVE_FORK 1
#define HAVE_VFORK 1
#define HAVE_WORKING_VFORK 1
#define HAVE_WORKING_FORK 1
#define HAVE_SYS_MOUNT_H 1
#define HAVE_ARPA_INET_H 1
#define HAVE_FCNTL_H 1
#define HAVE_NETDB_H 1
#define HAVE_NETINET_IN_H 1
#define HAVE_SYS_IOCTL_H 1
#define HAVE_SYS_SOCKET_H 1
#define HAVE_SYSLOG_H 1
#define HAVE_LINUX_TYPES_H 1
#define HAVE_SYS_WAIT_H 1

configure: exit 0

## ---------------------- ##
## Running config.status. ##
## ---------------------- ##

This file was extended by nbd config.status 2.9.16, which was
generated by GNU Autoconf 2.65.  Invocation command line was

  CONFIG_FILES    = 
  CONFIG_HEADERS  = 
  CONFIG_LINKS    = 
  CONFIG_COMMANDS = 
  $ ./config.status 

on master.elasticos.cuadvnetfall2016.emulab.net

config.status:904: creating Makefile
config.status:904: creating Doxyfile
config.status:904: creating nbd-server.1
config.status:904: creating nbd-server.5
config.status:904: creating nbd-client.8
config.status:904: creating config.h
config.status:1076: config.h is unchanged
config.status:1124: executing depfiles commands
